C:\USERS\VISHNU RAZDAN\DOCUMENTS\GITHUB\15418-CACHE-SIMULATOR\418CACHE\418CACHE\DEBUG\VC110.PDB
C:\USERS\VISHNU RAZDAN\DOCUMENTS\GITHUB\15418-CACHE-SIMULATOR\418CACHE\418CACHE\DEBUG\CACHE.OBJ
C:\USERS\VISHNU RAZDAN\DOCUMENTS\GITHUB\15418-CACHE-SIMULATOR\418CACHE\418CACHE\DEBUG\CACHECONTROLLER.OBJ
C:\USERS\VISHNU RAZDAN\DOCUMENTS\GITHUB\15418-CACHE-SIMULATOR\418CACHE\418CACHE\DEBUG\CACHELINE.OBJ
C:\USERS\VISHNU RAZDAN\DOCUMENTS\GITHUB\15418-CACHE-SIMULATOR\418CACHE\418CACHE\DEBUG\CACHESET.OBJ
C:\USERS\VISHNU RAZDAN\DOCUMENTS\GITHUB\15418-CACHE-SIMULATOR\418CACHE\418CACHE\DEBUG\ATOMICBUSMANAGER.OBJ
C:\USERS\VISHNU RAZDAN\DOCUMENTS\GITHUB\15418-CACHE-SIMULATOR\418CACHE\418CACHE\DEBUG\CACHECONSTANTS.OBJ
C:\USERS\VISHNU RAZDAN\DOCUMENTS\GITHUB\15418-CACHE-SIMULATOR\418CACHE\418CACHE\DEBUG\CACHEJOB.OBJ
C:\USERS\VISHNU RAZDAN\DOCUMENTS\GITHUB\15418-CACHE-SIMULATOR\418CACHE\418CACHE\DEBUG\BUSREQUEST.OBJ
C:\USERS\VISHNU RAZDAN\DOCUMENTS\GITHUB\15418-CACHE-SIMULATOR\418CACHE\418CACHE\DEBUG\418CACHE.RES
C:\Users\Vishnu Razdan\Documents\GitHub\15418-Cache-Simulator\418Cache\418Cache\Debug\AtomicBusManager.obj
C:\Users\Vishnu Razdan\Documents\GitHub\15418-Cache-Simulator\418Cache\418Cache\Debug\BusRequest.obj
C:\Users\Vishnu Razdan\Documents\GitHub\15418-Cache-Simulator\418Cache\418Cache\Debug\Cache.obj
C:\Users\Vishnu Razdan\Documents\GitHub\15418-Cache-Simulator\418Cache\418Cache\Debug\CacheConstants.obj
C:\Users\Vishnu Razdan\Documents\GitHub\15418-Cache-Simulator\418Cache\418Cache\Debug\CacheController.obj
C:\Users\Vishnu Razdan\Documents\GitHub\15418-Cache-Simulator\418Cache\418Cache\Debug\CacheJob.obj
C:\Users\Vishnu Razdan\Documents\GitHub\15418-Cache-Simulator\418Cache\418Cache\Debug\CacheLine.obj
C:\Users\Vishnu Razdan\Documents\GitHub\15418-Cache-Simulator\418Cache\418Cache\Debug\CacheSet.obj
C:\Users\Vishnu Razdan\Documents\GitHub\15418-Cache-Simulator\418Cache\418Cache\Debug\CacheStats.obj
C:\Users\Vishnu Razdan\Documents\GitHub\15418-Cache-Simulator\418Cache\418Cache\Debug\cl.command.1.tlog
C:\Users\Vishnu Razdan\Documents\GitHub\15418-Cache-Simulator\418Cache\418Cache\Debug\CL.read.1.tlog
C:\Users\Vishnu Razdan\Documents\GitHub\15418-Cache-Simulator\418Cache\418Cache\Debug\CL.write.1.tlog
C:\Users\Vishnu Razdan\Documents\GitHub\15418-Cache-Simulator\418Cache\418Cache\Debug\link-cvtres.read.1.tlog
C:\Users\Vishnu Razdan\Documents\GitHub\15418-Cache-Simulator\418Cache\418Cache\Debug\link-cvtres.write.1.tlog
C:\Users\Vishnu Razdan\Documents\GitHub\15418-Cache-Simulator\418Cache\418Cache\Debug\link-rc.read.1.tlog
C:\Users\Vishnu Razdan\Documents\GitHub\15418-Cache-Simulator\418Cache\418Cache\Debug\link-rc.write.1.tlog
C:\Users\Vishnu Razdan\Documents\GitHub\15418-Cache-Simulator\418Cache\418Cache\Debug\link.10028-cvtres.read.1.tlog
C:\Users\Vishnu Razdan\Documents\GitHub\15418-Cache-Simulator\418Cache\418Cache\Debug\link.10028-cvtres.write.1.tlog
C:\Users\Vishnu Razdan\Documents\GitHub\15418-Cache-Simulator\418Cache\418Cache\Debug\link.10028-rc.read.1.tlog
C:\Users\Vishnu Razdan\Documents\GitHub\15418-Cache-Simulator\418Cache\418Cache\Debug\link.10028-rc.write.1.tlog
C:\Users\Vishnu Razdan\Documents\GitHub\15418-Cache-Simulator\418Cache\418Cache\Debug\link.10028.read.1.tlog
C:\Users\Vishnu Razdan\Documents\GitHub\15418-Cache-Simulator\418Cache\418Cache\Debug\link.10028.write.1.tlog
C:\Users\Vishnu Razdan\Documents\GitHub\15418-Cache-Simulator\418Cache\418Cache\Debug\link.11564-cvtres.read.1.tlog
C:\Users\Vishnu Razdan\Documents\GitHub\15418-Cache-Simulator\418Cache\418Cache\Debug\link.11564-cvtres.write.1.tlog
C:\Users\Vishnu Razdan\Documents\GitHub\15418-Cache-Simulator\418Cache\418Cache\Debug\link.11564-rc.read.1.tlog
C:\Users\Vishnu Razdan\Documents\GitHub\15418-Cache-Simulator\418Cache\418Cache\Debug\link.11564-rc.write.1.tlog
C:\Users\Vishnu Razdan\Documents\GitHub\15418-Cache-Simulator\418Cache\418Cache\Debug\link.11564.read.1.tlog
C:\Users\Vishnu Razdan\Documents\GitHub\15418-Cache-Simulator\418Cache\418Cache\Debug\link.11564.write.1.tlog
C:\Users\Vishnu Razdan\Documents\GitHub\15418-Cache-Simulator\418Cache\418Cache\Debug\link.12616-cvtres.read.1.tlog
C:\Users\Vishnu Razdan\Documents\GitHub\15418-Cache-Simulator\418Cache\418Cache\Debug\link.12616-cvtres.write.1.tlog
C:\Users\Vishnu Razdan\Documents\GitHub\15418-Cache-Simulator\418Cache\418Cache\Debug\link.12616-rc.read.1.tlog
C:\Users\Vishnu Razdan\Documents\GitHub\15418-Cache-Simulator\418Cache\418Cache\Debug\link.12616-rc.write.1.tlog
C:\Users\Vishnu Razdan\Documents\GitHub\15418-Cache-Simulator\418Cache\418Cache\Debug\link.12616.read.1.tlog
C:\Users\Vishnu Razdan\Documents\GitHub\15418-Cache-Simulator\418Cache\418Cache\Debug\link.12616.write.1.tlog
C:\Users\Vishnu Razdan\Documents\GitHub\15418-Cache-Simulator\418Cache\418Cache\Debug\link.1952-cvtres.read.1.tlog
C:\Users\Vishnu Razdan\Documents\GitHub\15418-Cache-Simulator\418Cache\418Cache\Debug\link.1952-cvtres.write.1.tlog
C:\Users\Vishnu Razdan\Documents\GitHub\15418-Cache-Simulator\418Cache\418Cache\Debug\link.1952-rc.read.1.tlog
C:\Users\Vishnu Razdan\Documents\GitHub\15418-Cache-Simulator\418Cache\418Cache\Debug\link.1952-rc.write.1.tlog
C:\Users\Vishnu Razdan\Documents\GitHub\15418-Cache-Simulator\418Cache\418Cache\Debug\link.1952.read.1.tlog
C:\Users\Vishnu Razdan\Documents\GitHub\15418-Cache-Simulator\418Cache\418Cache\Debug\link.1952.write.1.tlog
C:\Users\Vishnu Razdan\Documents\GitHub\15418-Cache-Simulator\418Cache\418Cache\Debug\link.2764-cvtres.read.1.tlog
C:\Users\Vishnu Razdan\Documents\GitHub\15418-Cache-Simulator\418Cache\418Cache\Debug\link.2764-cvtres.write.1.tlog
C:\Users\Vishnu Razdan\Documents\GitHub\15418-Cache-Simulator\418Cache\418Cache\Debug\link.2764-rc.read.1.tlog
C:\Users\Vishnu Razdan\Documents\GitHub\15418-Cache-Simulator\418Cache\418Cache\Debug\link.2764-rc.write.1.tlog
C:\Users\Vishnu Razdan\Documents\GitHub\15418-Cache-Simulator\418Cache\418Cache\Debug\link.2764.read.1.tlog
C:\Users\Vishnu Razdan\Documents\GitHub\15418-Cache-Simulator\418Cache\418Cache\Debug\link.2764.write.1.tlog
C:\Users\Vishnu Razdan\Documents\GitHub\15418-Cache-Simulator\418Cache\418Cache\Debug\link.4192-cvtres.read.1.tlog
C:\Users\Vishnu Razdan\Documents\GitHub\15418-Cache-Simulator\418Cache\418Cache\Debug\link.4192-cvtres.write.1.tlog
C:\Users\Vishnu Razdan\Documents\GitHub\15418-Cache-Simulator\418Cache\418Cache\Debug\link.4192-rc.read.1.tlog
C:\Users\Vishnu Razdan\Documents\GitHub\15418-Cache-Simulator\418Cache\418Cache\Debug\link.4192-rc.write.1.tlog
C:\Users\Vishnu Razdan\Documents\GitHub\15418-Cache-Simulator\418Cache\418Cache\Debug\link.4192.read.1.tlog
C:\Users\Vishnu Razdan\Documents\GitHub\15418-Cache-Simulator\418Cache\418Cache\Debug\link.4192.write.1.tlog
C:\Users\Vishnu Razdan\Documents\GitHub\15418-Cache-Simulator\418Cache\418Cache\Debug\link.4380-cvtres.read.1.tlog
C:\Users\Vishnu Razdan\Documents\GitHub\15418-Cache-Simulator\418Cache\418Cache\Debug\link.4380-cvtres.write.1.tlog
C:\Users\Vishnu Razdan\Documents\GitHub\15418-Cache-Simulator\418Cache\418Cache\Debug\link.4380-rc.read.1.tlog
C:\Users\Vishnu Razdan\Documents\GitHub\15418-Cache-Simulator\418Cache\418Cache\Debug\link.4380-rc.write.1.tlog
C:\Users\Vishnu Razdan\Documents\GitHub\15418-Cache-Simulator\418Cache\418Cache\Debug\link.4380.read.1.tlog
C:\Users\Vishnu Razdan\Documents\GitHub\15418-Cache-Simulator\418Cache\418Cache\Debug\link.4380.write.1.tlog
C:\Users\Vishnu Razdan\Documents\GitHub\15418-Cache-Simulator\418Cache\418Cache\Debug\link.4724-cvtres.read.1.tlog
C:\Users\Vishnu Razdan\Documents\GitHub\15418-Cache-Simulator\418Cache\418Cache\Debug\link.4724-cvtres.write.1.tlog
C:\Users\Vishnu Razdan\Documents\GitHub\15418-Cache-Simulator\418Cache\418Cache\Debug\link.4724-rc.read.1.tlog
C:\Users\Vishnu Razdan\Documents\GitHub\15418-Cache-Simulator\418Cache\418Cache\Debug\link.4724-rc.write.1.tlog
C:\Users\Vishnu Razdan\Documents\GitHub\15418-Cache-Simulator\418Cache\418Cache\Debug\link.4724.read.1.tlog
C:\Users\Vishnu Razdan\Documents\GitHub\15418-Cache-Simulator\418Cache\418Cache\Debug\link.4724.write.1.tlog
C:\Users\Vishnu Razdan\Documents\GitHub\15418-Cache-Simulator\418Cache\418Cache\Debug\link.4996-cvtres.read.1.tlog
C:\Users\Vishnu Razdan\Documents\GitHub\15418-Cache-Simulator\418Cache\418Cache\Debug\link.4996-cvtres.write.1.tlog
C:\Users\Vishnu Razdan\Documents\GitHub\15418-Cache-Simulator\418Cache\418Cache\Debug\link.4996-rc.read.1.tlog
C:\Users\Vishnu Razdan\Documents\GitHub\15418-Cache-Simulator\418Cache\418Cache\Debug\link.4996-rc.write.1.tlog
C:\Users\Vishnu Razdan\Documents\GitHub\15418-Cache-Simulator\418Cache\418Cache\Debug\link.4996.read.1.tlog
C:\Users\Vishnu Razdan\Documents\GitHub\15418-Cache-Simulator\418Cache\418Cache\Debug\link.4996.write.1.tlog
C:\Users\Vishnu Razdan\Documents\GitHub\15418-Cache-Simulator\418Cache\418Cache\Debug\link.5624-cvtres.read.1.tlog
C:\Users\Vishnu Razdan\Documents\GitHub\15418-Cache-Simulator\418Cache\418Cache\Debug\link.5624-cvtres.write.1.tlog
C:\Users\Vishnu Razdan\Documents\GitHub\15418-Cache-Simulator\418Cache\418Cache\Debug\link.5624-rc.read.1.tlog
C:\Users\Vishnu Razdan\Documents\GitHub\15418-Cache-Simulator\418Cache\418Cache\Debug\link.5624-rc.write.1.tlog
C:\Users\Vishnu Razdan\Documents\GitHub\15418-Cache-Simulator\418Cache\418Cache\Debug\link.5624.read.1.tlog
C:\Users\Vishnu Razdan\Documents\GitHub\15418-Cache-Simulator\418Cache\418Cache\Debug\link.5624.write.1.tlog
C:\Users\Vishnu Razdan\Documents\GitHub\15418-Cache-Simulator\418Cache\418Cache\Debug\link.5628-cvtres.read.1.tlog
C:\Users\Vishnu Razdan\Documents\GitHub\15418-Cache-Simulator\418Cache\418Cache\Debug\link.5628-cvtres.write.1.tlog
C:\Users\Vishnu Razdan\Documents\GitHub\15418-Cache-Simulator\418Cache\418Cache\Debug\link.5628-rc.read.1.tlog
C:\Users\Vishnu Razdan\Documents\GitHub\15418-Cache-Simulator\418Cache\418Cache\Debug\link.5628-rc.write.1.tlog
C:\Users\Vishnu Razdan\Documents\GitHub\15418-Cache-Simulator\418Cache\418Cache\Debug\link.5628.read.1.tlog
C:\Users\Vishnu Razdan\Documents\GitHub\15418-Cache-Simulator\418Cache\418Cache\Debug\link.5628.write.1.tlog
C:\Users\Vishnu Razdan\Documents\GitHub\15418-Cache-Simulator\418Cache\418Cache\Debug\link.6792-cvtres.read.1.tlog
C:\Users\Vishnu Razdan\Documents\GitHub\15418-Cache-Simulator\418Cache\418Cache\Debug\link.6792-cvtres.write.1.tlog
C:\Users\Vishnu Razdan\Documents\GitHub\15418-Cache-Simulator\418Cache\418Cache\Debug\link.6792-rc.read.1.tlog
C:\Users\Vishnu Razdan\Documents\GitHub\15418-Cache-Simulator\418Cache\418Cache\Debug\link.6792-rc.write.1.tlog
C:\Users\Vishnu Razdan\Documents\GitHub\15418-Cache-Simulator\418Cache\418Cache\Debug\link.6792.read.1.tlog
C:\Users\Vishnu Razdan\Documents\GitHub\15418-Cache-Simulator\418Cache\418Cache\Debug\link.6792.write.1.tlog
C:\Users\Vishnu Razdan\Documents\GitHub\15418-Cache-Simulator\418Cache\418Cache\Debug\link.7396-cvtres.read.1.tlog
C:\Users\Vishnu Razdan\Documents\GitHub\15418-Cache-Simulator\418Cache\418Cache\Debug\link.7396-cvtres.write.1.tlog
C:\Users\Vishnu Razdan\Documents\GitHub\15418-Cache-Simulator\418Cache\418Cache\Debug\link.7396-rc.read.1.tlog
C:\Users\Vishnu Razdan\Documents\GitHub\15418-Cache-Simulator\418Cache\418Cache\Debug\link.7396-rc.write.1.tlog
C:\Users\Vishnu Razdan\Documents\GitHub\15418-Cache-Simulator\418Cache\418Cache\Debug\link.7396.read.1.tlog
C:\Users\Vishnu Razdan\Documents\GitHub\15418-Cache-Simulator\418Cache\418Cache\Debug\link.7396.write.1.tlog
C:\Users\Vishnu Razdan\Documents\GitHub\15418-Cache-Simulator\418Cache\418Cache\Debug\link.7448-cvtres.read.1.tlog
C:\Users\Vishnu Razdan\Documents\GitHub\15418-Cache-Simulator\418Cache\418Cache\Debug\link.7448-cvtres.write.1.tlog
C:\Users\Vishnu Razdan\Documents\GitHub\15418-Cache-Simulator\418Cache\418Cache\Debug\link.7448-rc.read.1.tlog
C:\Users\Vishnu Razdan\Documents\GitHub\15418-Cache-Simulator\418Cache\418Cache\Debug\link.7448-rc.write.1.tlog
C:\Users\Vishnu Razdan\Documents\GitHub\15418-Cache-Simulator\418Cache\418Cache\Debug\link.7448.read.1.tlog
C:\Users\Vishnu Razdan\Documents\GitHub\15418-Cache-Simulator\418Cache\418Cache\Debug\link.7448.write.1.tlog
C:\Users\Vishnu Razdan\Documents\GitHub\15418-Cache-Simulator\418Cache\418Cache\Debug\link.7692-cvtres.read.1.tlog
C:\Users\Vishnu Razdan\Documents\GitHub\15418-Cache-Simulator\418Cache\418Cache\Debug\link.7692-cvtres.write.1.tlog
C:\Users\Vishnu Razdan\Documents\GitHub\15418-Cache-Simulator\418Cache\418Cache\Debug\link.7692-rc.read.1.tlog
C:\Users\Vishnu Razdan\Documents\GitHub\15418-Cache-Simulator\418Cache\418Cache\Debug\link.7692-rc.write.1.tlog
C:\Users\Vishnu Razdan\Documents\GitHub\15418-Cache-Simulator\418Cache\418Cache\Debug\link.7692.read.1.tlog
C:\Users\Vishnu Razdan\Documents\GitHub\15418-Cache-Simulator\418Cache\418Cache\Debug\link.7692.write.1.tlog
C:\Users\Vishnu Razdan\Documents\GitHub\15418-Cache-Simulator\418Cache\418Cache\Debug\link.8172-cvtres.read.1.tlog
C:\Users\Vishnu Razdan\Documents\GitHub\15418-Cache-Simulator\418Cache\418Cache\Debug\link.8172-cvtres.write.1.tlog
C:\Users\Vishnu Razdan\Documents\GitHub\15418-Cache-Simulator\418Cache\418Cache\Debug\link.8172-rc.read.1.tlog
C:\Users\Vishnu Razdan\Documents\GitHub\15418-Cache-Simulator\418Cache\418Cache\Debug\link.8172-rc.write.1.tlog
C:\Users\Vishnu Razdan\Documents\GitHub\15418-Cache-Simulator\418Cache\418Cache\Debug\link.8172.read.1.tlog
C:\Users\Vishnu Razdan\Documents\GitHub\15418-Cache-Simulator\418Cache\418Cache\Debug\link.8172.write.1.tlog
C:\Users\Vishnu Razdan\Documents\GitHub\15418-Cache-Simulator\418Cache\418Cache\Debug\link.8312-cvtres.read.1.tlog
C:\Users\Vishnu Razdan\Documents\GitHub\15418-Cache-Simulator\418Cache\418Cache\Debug\link.8312-cvtres.write.1.tlog
C:\Users\Vishnu Razdan\Documents\GitHub\15418-Cache-Simulator\418Cache\418Cache\Debug\link.8312-rc.read.1.tlog
C:\Users\Vishnu Razdan\Documents\GitHub\15418-Cache-Simulator\418Cache\418Cache\Debug\link.8312-rc.write.1.tlog
C:\Users\Vishnu Razdan\Documents\GitHub\15418-Cache-Simulator\418Cache\418Cache\Debug\link.8312.read.1.tlog
C:\Users\Vishnu Razdan\Documents\GitHub\15418-Cache-Simulator\418Cache\418Cache\Debug\link.8312.write.1.tlog
C:\Users\Vishnu Razdan\Documents\GitHub\15418-Cache-Simulator\418Cache\418Cache\Debug\link.8680-cvtres.read.1.tlog
C:\Users\Vishnu Razdan\Documents\GitHub\15418-Cache-Simulator\418Cache\418Cache\Debug\link.8680-cvtres.write.1.tlog
C:\Users\Vishnu Razdan\Documents\GitHub\15418-Cache-Simulator\418Cache\418Cache\Debug\link.8680-rc.read.1.tlog
C:\Users\Vishnu Razdan\Documents\GitHub\15418-Cache-Simulator\418Cache\418Cache\Debug\link.8680-rc.write.1.tlog
C:\Users\Vishnu Razdan\Documents\GitHub\15418-Cache-Simulator\418Cache\418Cache\Debug\link.8680.read.1.tlog
C:\Users\Vishnu Razdan\Documents\GitHub\15418-Cache-Simulator\418Cache\418Cache\Debug\link.8680.write.1.tlog
C:\Users\Vishnu Razdan\Documents\GitHub\15418-Cache-Simulator\418Cache\418Cache\Debug\link.8744-cvtres.read.1.tlog
C:\Users\Vishnu Razdan\Documents\GitHub\15418-Cache-Simulator\418Cache\418Cache\Debug\link.8744-cvtres.write.1.tlog
C:\Users\Vishnu Razdan\Documents\GitHub\15418-Cache-Simulator\418Cache\418Cache\Debug\link.8744-rc.read.1.tlog
C:\Users\Vishnu Razdan\Documents\GitHub\15418-Cache-Simulator\418Cache\418Cache\Debug\link.8744-rc.write.1.tlog
C:\Users\Vishnu Razdan\Documents\GitHub\15418-Cache-Simulator\418Cache\418Cache\Debug\link.8744.read.1.tlog
C:\Users\Vishnu Razdan\Documents\GitHub\15418-Cache-Simulator\418Cache\418Cache\Debug\link.8744.write.1.tlog
C:\Users\Vishnu Razdan\Documents\GitHub\15418-Cache-Simulator\418Cache\418Cache\Debug\link.8972-cvtres.read.1.tlog
C:\Users\Vishnu Razdan\Documents\GitHub\15418-Cache-Simulator\418Cache\418Cache\Debug\link.8972-cvtres.write.1.tlog
C:\Users\Vishnu Razdan\Documents\GitHub\15418-Cache-Simulator\418Cache\418Cache\Debug\link.8972-rc.read.1.tlog
C:\Users\Vishnu Razdan\Documents\GitHub\15418-Cache-Simulator\418Cache\418Cache\Debug\link.8972-rc.write.1.tlog
C:\Users\Vishnu Razdan\Documents\GitHub\15418-Cache-Simulator\418Cache\418Cache\Debug\link.8972.read.1.tlog
C:\Users\Vishnu Razdan\Documents\GitHub\15418-Cache-Simulator\418Cache\418Cache\Debug\link.8972.write.1.tlog
C:\Users\Vishnu Razdan\Documents\GitHub\15418-Cache-Simulator\418Cache\418Cache\Debug\link.9528-cvtres.read.1.tlog
C:\Users\Vishnu Razdan\Documents\GitHub\15418-Cache-Simulator\418Cache\418Cache\Debug\link.9528-cvtres.write.1.tlog
C:\Users\Vishnu Razdan\Documents\GitHub\15418-Cache-Simulator\418Cache\418Cache\Debug\link.9528-rc.read.1.tlog
C:\Users\Vishnu Razdan\Documents\GitHub\15418-Cache-Simulator\418Cache\418Cache\Debug\link.9528-rc.write.1.tlog
C:\Users\Vishnu Razdan\Documents\GitHub\15418-Cache-Simulator\418Cache\418Cache\Debug\link.9528.read.1.tlog
C:\Users\Vishnu Razdan\Documents\GitHub\15418-Cache-Simulator\418Cache\418Cache\Debug\link.9528.write.1.tlog
C:\Users\Vishnu Razdan\Documents\GitHub\15418-Cache-Simulator\418Cache\418Cache\Debug\link.9664-cvtres.read.1.tlog
C:\Users\Vishnu Razdan\Documents\GitHub\15418-Cache-Simulator\418Cache\418Cache\Debug\link.9664-cvtres.write.1.tlog
C:\Users\Vishnu Razdan\Documents\GitHub\15418-Cache-Simulator\418Cache\418Cache\Debug\link.9664-rc.read.1.tlog
C:\Users\Vishnu Razdan\Documents\GitHub\15418-Cache-Simulator\418Cache\418Cache\Debug\link.9664-rc.write.1.tlog
C:\Users\Vishnu Razdan\Documents\GitHub\15418-Cache-Simulator\418Cache\418Cache\Debug\link.9664.read.1.tlog
C:\Users\Vishnu Razdan\Documents\GitHub\15418-Cache-Simulator\418Cache\418Cache\Debug\link.9664.write.1.tlog
C:\Users\Vishnu Razdan\Documents\GitHub\15418-Cache-Simulator\418Cache\418Cache\Debug\link.9784-cvtres.read.1.tlog
C:\Users\Vishnu Razdan\Documents\GitHub\15418-Cache-Simulator\418Cache\418Cache\Debug\link.9784-cvtres.write.1.tlog
C:\Users\Vishnu Razdan\Documents\GitHub\15418-Cache-Simulator\418Cache\418Cache\Debug\link.9784-rc.read.1.tlog
C:\Users\Vishnu Razdan\Documents\GitHub\15418-Cache-Simulator\418Cache\418Cache\Debug\link.9784-rc.write.1.tlog
C:\Users\Vishnu Razdan\Documents\GitHub\15418-Cache-Simulator\418Cache\418Cache\Debug\link.9784.read.1.tlog
C:\Users\Vishnu Razdan\Documents\GitHub\15418-Cache-Simulator\418Cache\418Cache\Debug\link.9784.write.1.tlog
C:\Users\Vishnu Razdan\Documents\GitHub\15418-Cache-Simulator\418Cache\418Cache\Debug\link.command.1.tlog
C:\Users\Vishnu Razdan\Documents\GitHub\15418-Cache-Simulator\418Cache\418Cache\Debug\link.read.1.tlog
C:\Users\Vishnu Razdan\Documents\GitHub\15418-Cache-Simulator\418Cache\418Cache\Debug\link.write.1.tlog
C:\Users\Vishnu Razdan\Documents\GitHub\15418-Cache-Simulator\418Cache\418Cache\Debug\rc.command.1.tlog
C:\Users\Vishnu Razdan\Documents\GitHub\15418-Cache-Simulator\418Cache\418Cache\Debug\rc.read.1.tlog
C:\Users\Vishnu Razdan\Documents\GitHub\15418-Cache-Simulator\418Cache\418Cache\Debug\rc.write.1.tlog
C:\Users\Vishnu Razdan\Documents\GitHub\15418-Cache-Simulator\418Cache\418Cache\Debug\418Cache.res
C:\Users\Vishnu Razdan\Documents\GitHub\15418-Cache-Simulator\418Cache\418Cache\Debug\vc110.idb
C:\Users\Vishnu Razdan\Documents\GitHub\15418-Cache-Simulator\418Cache\418Cache\Debug\vc120.idb
C:\Users\Vishnu Razdan\Documents\GitHub\15418-Cache-Simulator\418Cache\418Cache\Debug\vc110.pdb
C:\Users\Vishnu Razdan\Documents\GitHub\15418-Cache-Simulator\418Cache\418Cache\Debug\vc120.pdb
C:\Users\Vishnu Razdan\Documents\GitHub\15418-Cache-Simulator\418Cache\Debug\418Cache.pdb
