Build started 5/9/2015 7:04:30 PM.
     1>Project "C:\Users\zhaod_000\Documents\GitHub\15418-Cache-Simulator\418Cache\418Cache\418Cache.vcxproj" on node 2 (Build target(s)).
     1>ClCompile:
         C:\Program Files (x86)\Microsoft Visual Studio 12.0\VC\bin\CL.exe /c /ZI /nologo /W3 /WX- /Od /Oy- /D WIN32 /D _DEBUG /D _CONSOLE /D _UNICODE /D UNICODE /Gm /EHsc /RTC1 /MDd /GS /fp:precise /Zc:wchar_t /Zc:forScope /Fo"Debug\\" /Fd"Debug\vc120.pdb" /Gd /TP /analyze- /errorReport:prompt CacheController.cpp
         CacheController.cpp
     1>c:\users\zhaod_000\documents\github\15418-cache-simulator\418cache\418cache\cachecontroller.cpp(44): warning C4018: '<' : signed/unsigned mismatch
     1>c:\users\zhaod_000\documents\github\15418-cache-simulator\418cache\418cache\cachecontroller.cpp(54): warning C4018: '<' : signed/unsigned mismatch
     1>c:\users\zhaod_000\documents\github\15418-cache-simulator\418cache\418cache\cachecontroller.cpp(95): warning C4996: 'sscanf': This function or variable may be unsafe. Consider using sscanf_s instead. To disable deprecation, use _CRT_SECURE_NO_WARNINGS. See online help for details.
                 c:\program files (x86)\microsoft visual studio 12.0\vc\include\stdio.h(304) : see declaration of 'sscanf'
       Link:
         C:\Program Files (x86)\Microsoft Visual Studio 12.0\VC\bin\link.exe /ERRORREPORT:PROMPT /OUT:"C:\Users\zhaod_000\Documents\GitHub\15418-Cache-Simulator\418Cache\Debug\418Cache.exe" /INCREMENTAL /NOLOGO kernel32.lib user32.lib gdi32.lib winspool.lib comdlg32.lib advapi32.lib shell32.lib ole32.lib oleaut32.lib uuid.lib odbc32.lib odbccp32.lib /MANIFEST /MANIFESTUAC:"level='asInvoker' uiAccess='false'" /manifest:embed /DEBUG /PDB:"C:\Users\zhaod_000\Documents\GitHub\15418-Cache-Simulator\418Cache\Debug\418Cache.pdb" /SUBSYSTEM:CONSOLE /TLBID:1 /DYNAMICBASE /NXCOMPAT /IMPLIB:"C:\Users\zhaod_000\Documents\GitHub\15418-Cache-Simulator\418Cache\Debug\418Cache.lib" /MACHINE:X86 Debug\418Cache.res
         Debug\AtomicBusManager.obj
         Debug\BusRequest.obj
         Debug\Cache.obj
         Debug\CacheConstants.obj
         Debug\CacheController.obj
         Debug\CacheJob.obj
         Debug\CacheLine.obj
         Debug\CacheSet.obj
         Debug\CacheStats.obj
         418Cache.vcxproj -> C:\Users\zhaod_000\Documents\GitHub\15418-Cache-Simulator\418Cache\Debug\418Cache.exe
     1>Done Building Project "C:\Users\zhaod_000\Documents\GitHub\15418-Cache-Simulator\418Cache\418Cache\418Cache.vcxproj" (Build target(s)).

Build succeeded.

Time Elapsed 00:00:00.61
